<?xml version="1.0" encoding="UTF-8"?>
<!-- Generated by org.testng.reporters.JUnitReportReporter -->
<testsuite hostname="Atul" failures="0" tests="1" name="UnitTestingTool.TC_Create_Account_001" time="11.311" errors="0" timestamp="2021-12-18T15:38:21 IST" skipped="0">
  <testcase classname="UnitTestingTool.TC_Create_Account_001" name="createAcc" time="11.311"/>
  <system-out>
    <![CDATA[From Create Account]]>
  </system-out>
</testsuite> <!-- UnitTestingTool.TC_Create_Account_001 -->
