<?xml version="1.0" encoding="UTF-8"?>
<!-- Generated by org.testng.reporters.JUnitReportReporter -->
<testsuite hostname="Atul" failures="0" tests="1" name="UnitTestingTool.TC_CreateAcc_002" time="27.256" errors="0" timestamp="2021-12-22T09:22:02 IST" skipped="0">
  <testcase classname="UnitTestingTool.TC_CreateAcc_002" name="createAcc" time="27.256"/>
  <system-out>
    <![CDATA[From Create Account]]>
  </system-out>
</testsuite> <!-- UnitTestingTool.TC_CreateAcc_002 -->
