<?xml version="1.0" encoding="UTF-8"?>
<!-- Generated by org.testng.reporters.JUnitReportReporter -->
<testsuite hostname="Atul" failures="0" tests="1" name="listeners.TC_Listener_001" time="15.883" errors="0" timestamp="2021-12-27T12:33:17 IST" skipped="0">
  <testcase classname="listeners.TC_Listener_001" name="createAcc" time="15.883"/>
  <system-out>
    <![CDATA[From Create Account]]>
  </system-out>
</testsuite> <!-- listeners.TC_Listener_001 -->
