<?xml version="1.0" encoding="UTF-8"?>
<!-- Generated by org.testng.reporters.JUnitReportReporter -->
<testsuite hostname="Atul" failures="0" tests="1" name="UnitTestingTool_Practice.DependancyCreation2" time="0.002" errors="0" timestamp="2021-12-18T11:34:34 IST" skipped="0">
  <testcase classname="UnitTestingTool_Practice.DependancyCreation2" name="createAccNew" time="0.002"/>
  <system-out>
    <![CDATA[From Create Account]]>
  </system-out>
</testsuite> <!-- UnitTestingTool_Practice.DependancyCreation2 -->
