<?xml version="1.0" encoding="UTF-8"?>
<!-- Generated by org.testng.reporters.JUnitReportReporter -->
<testsuite hostname="Atul" failures="0" tests="4" name="UnitTestingTool.TC_Account_01" time="0.021" errors="0" timestamp="2021-12-17T14:42:27 IST" skipped="0">
  <testcase classname="UnitTestingTool.TC_Account_01" name="createAccount" time="0.013"/>
  <system-out>
    <![CDATA[createAccount]]>
  </system-out>
  <testcase classname="UnitTestingTool.TC_Account_01" name="deletAccount" time="0.003"/>
  <system-out>
    <![CDATA[deletAccount]]>
  </system-out>
  <testcase classname="UnitTestingTool.TC_Account_01" name="deletAccount" time="0.003"/>
  <system-out>
    <![CDATA[deletAccount]]>
  </system-out>
  <testcase classname="UnitTestingTool.TC_Account_01" name="modifyAccount" time="0.002"/>
  <system-out>
    <![CDATA[modifyAccount]]>
  </system-out>
</testsuite> <!-- UnitTestingTool.TC_Account_01 -->
