<?xml version="1.0" encoding="UTF-8"?>
<!-- Generated by org.testng.reporters.JUnitReportReporter -->
<testsuite hostname="Atul" failures="0" tests="1" name="pom_Test_Case_Vtiger.TC_001" time="15.964" errors="0" timestamp="2021-12-30T09:47:26 IST" skipped="0">
  <testcase classname="pom_Test_Case_Vtiger.TC_001" name="createProduct" time="15.964"/>
  <system-out>
    <![CDATA['Product' List page display succesfully
'Creating New Product'Page display succesfully
Product availabe in product list]]>
  </system-out>
</testsuite> <!-- pom_Test_Case_Vtiger.TC_001 -->
