<?xml version="1.0" encoding="UTF-8"?>
<!-- Generated by org.testng.reporters.JUnitReportReporter -->
<testsuite hostname="Atul" failures="0" tests="23" name="UnitTestingTool_Practice.TC_Account_01" time="0.145" errors="0" timestamp="2021-12-17T21:25:01 IST" skipped="0">
  <testcase classname="UnitTestingTool_Practice.TC_Account_01" name="createAccount" time="0.014"/>
  <system-out>
    <![CDATA[createAccount]]>
  </system-out>
  <testcase classname="UnitTestingTool_Practice.TC_Account_01" name="deletAccount" time="0.002"/>
  <system-out>
    <![CDATA[deletAccount]]>
  </system-out>
  <testcase classname="UnitTestingTool_Practice.TC_Account_01" name="deletAccount" time="0.003"/>
  <system-out>
    <![CDATA[deletAccount]]>
  </system-out>
  <testcase classname="UnitTestingTool_Practice.TC_Account_01" name="modifyAccount" time="0.001"/>
  <system-out>
    <![CDATA[modifyAccount]]>
  </system-out>
  <testcase classname="UnitTestingTool_Practice.TC_Account_01" name="modifyAccount1" time="0.003"/>
  <system-out>
    <![CDATA[modifyAccount]]>
  </system-out>
  <testcase classname="UnitTestingTool_Practice.TC_Account_01" name="modifyAccount1" time="0.050"/>
  <system-out>
    <![CDATA[modifyAccount]]>
  </system-out>
  <testcase classname="UnitTestingTool_Practice.TC_Account_01" name="modifyAccount" time="0.002"/>
  <system-out>
    <![CDATA[modifyAccount]]>
  </system-out>
  <testcase classname="UnitTestingTool_Practice.TC_Account_01" name="modifyAccount1" time="0.002"/>
  <system-out>
    <![CDATA[modifyAccount]]>
  </system-out>
  <testcase classname="UnitTestingTool_Practice.TC_Account_01" name="modifyAccount1" time="0.003"/>
  <system-out>
    <![CDATA[modifyAccount]]>
  </system-out>
  <testcase classname="UnitTestingTool_Practice.TC_Account_01" name="modifyAccount1" time="0.006"/>
  <system-out>
    <![CDATA[modifyAccount]]>
  </system-out>
  <testcase classname="UnitTestingTool_Practice.TC_Account_01" name="modifyAccount" time="0.032"/>
  <system-out>
    <![CDATA[modifyAccount]]>
  </system-out>
  <testcase classname="UnitTestingTool_Practice.TC_Account_01" name="modifyAccount1" time="0.002"/>
  <system-out>
    <![CDATA[modifyAccount]]>
  </system-out>
  <testcase classname="UnitTestingTool_Practice.TC_Account_01" name="modifyAccount1" time="0.002"/>
  <system-out>
    <![CDATA[modifyAccount]]>
  </system-out>
  <testcase classname="UnitTestingTool_Practice.TC_Account_01" name="modifyAccount1" time="0.007"/>
  <system-out>
    <![CDATA[modifyAccount]]>
  </system-out>
  <testcase classname="UnitTestingTool_Practice.TC_Account_01" name="modifyAccount" time="0.002"/>
  <system-out>
    <![CDATA[modifyAccount]]>
  </system-out>
  <testcase classname="UnitTestingTool_Practice.TC_Account_01" name="modifyAccount1" time="0.003"/>
  <system-out>
    <![CDATA[modifyAccount]]>
  </system-out>
  <testcase classname="UnitTestingTool_Practice.TC_Account_01" name="modifyAccount" time="0.002"/>
  <system-out>
    <![CDATA[modifyAccount]]>
  </system-out>
  <testcase classname="UnitTestingTool_Practice.TC_Account_01" name="modifyAccount" time="0.001"/>
  <system-out>
    <![CDATA[modifyAccount]]>
  </system-out>
  <testcase classname="UnitTestingTool_Practice.TC_Account_01" name="modifyAccount" time="0.002"/>
  <system-out>
    <![CDATA[modifyAccount]]>
  </system-out>
  <testcase classname="UnitTestingTool_Practice.TC_Account_01" name="modifyAccount" time="0.001"/>
  <system-out>
    <![CDATA[modifyAccount]]>
  </system-out>
  <testcase classname="UnitTestingTool_Practice.TC_Account_01" name="modifyAccount" time="0.002"/>
  <system-out>
    <![CDATA[modifyAccount]]>
  </system-out>
  <testcase classname="UnitTestingTool_Practice.TC_Account_01" name="modifyAccount1" time="0.002"/>
  <system-out>
    <![CDATA[modifyAccount]]>
  </system-out>
  <testcase classname="UnitTestingTool_Practice.TC_Account_01" name="modifyAccount" time="0.001"/>
  <system-out>
    <![CDATA[modifyAccount]]>
  </system-out>
</testsuite> <!-- UnitTestingTool_Practice.TC_Account_01 -->
