<?xml version="1.0" encoding="UTF-8"?>
<!-- Generated by org.testng.reporters.JUnitReportReporter -->
<testsuite hostname="Atul" failures="0" tests="2" name="UnitTestingTool_Practice.Two_D_Arrey" time="61.434" errors="0" timestamp="2021-12-19T16:37:51 IST" skipped="0">
  <testcase classname="UnitTestingTool_Practice.Two_D_Arrey" name="createAccount" time="49.850"/>
  <system-out>
    <![CDATA[Account is created for 20times
Account is created for 30times]]>
  </system-out>
  <testcase classname="UnitTestingTool_Practice.Two_D_Arrey" name="createAccount" time="11.584"/>
  <system-out>
    <![CDATA[Account is created for 40times
Account is created for 50times]]>
  </system-out>
</testsuite> <!-- UnitTestingTool_Practice.Two_D_Arrey -->
