<?xml version="1.0" encoding="UTF-8"?>
<!-- Generated by org.testng.reporters.JUnitReportReporter -->
<testsuite hostname="Atul" failures="0" tests="1" name="UnitTestingTool_Practice.DependancyGroup" time="0.001" errors="0" timestamp="2021-12-18T12:06:10 IST" skipped="0">
  <testcase classname="UnitTestingTool_Practice.DependancyGroup" name="createAccAll" time="0.001"/>
  <system-out>
    <![CDATA[From Create Account]]>
  </system-out>
</testsuite> <!-- UnitTestingTool_Practice.DependancyGroup -->
