<?xml version="1.0" encoding="UTF-8"?>
<!-- Generated by org.testng.reporters.JUnitReportReporter -->
<testsuite hostname="Atul" failures="0" tests="1" name="pom_Test_Case_Vtiger.TC_010" time="16.048" errors="0" timestamp="2021-12-29T14:14:18 IST" skipped="0">
  <testcase classname="pom_Test_Case_Vtiger.TC_010" name="create_Product" time="16.048"/>
  <system-out/>
</testsuite> <!-- pom_Test_Case_Vtiger.TC_010 -->
