<?xml version="1.0" encoding="UTF-8"?>
<!-- Generated by org.testng.reporters.JUnitReportReporter -->
<testsuite hostname="Atul" failures="0" tests="1" name="POMPages.TC_001" time="17.504" errors="0" timestamp="2021-12-23T20:05:08 IST" skipped="0">
  <testcase classname="POMPages.TC_001" name="create_Product" time="17.504"/>
  <system-out/>
</testsuite> <!-- POMPages.TC_001 -->
