<?xml version="1.0" encoding="UTF-8"?>
<!-- Generated by org.testng.reporters.JUnitReportReporter -->
<testsuite hostname="Atul" failures="0" tests="1" name="UnitTestingTool.TC_CreateAcc_003" time="22.033" errors="0" timestamp="2021-12-22T09:22:01 IST" skipped="0">
  <testcase classname="UnitTestingTool.TC_CreateAcc_003" name="createAcc" time="22.033"/>
  <system-out>
    <![CDATA[From Create Account]]>
  </system-out>
</testsuite> <!-- UnitTestingTool.TC_CreateAcc_003 -->
