<?xml version="1.0" encoding="UTF-8"?>
<!-- Generated by org.testng.reporters.JUnitReportReporter -->
<testsuite hostname="Atul" failures="0" tests="4" name="UnitTestingTool_Practice.DependanncyCreation" time="0.019" errors="0" timestamp="2021-12-18T11:06:54 IST" skipped="0">
  <testcase classname="UnitTestingTool_Practice.DependanncyCreation" name="deleteAcc" time="0.002"/>
  <system-out>
    <![CDATA[From delete Account]]>
  </system-out>
  <testcase classname="UnitTestingTool_Practice.DependanncyCreation" name="deleteAccAll" time="0.002"/>
  <system-out>
    <![CDATA[From delete Account]]>
  </system-out>
  <testcase classname="UnitTestingTool_Practice.DependanncyCreation" name="createAcc" time="0.013"/>
  <system-out>
    <![CDATA[From Create Account]]>
  </system-out>
  <testcase classname="UnitTestingTool_Practice.DependanncyCreation" name="modifyAcc" time="0.002"/>
  <system-out>
    <![CDATA[From modify Account]]>
  </system-out>
</testsuite> <!-- UnitTestingTool_Practice.DependanncyCreation -->
