<?xml version="1.0" encoding="UTF-8"?>
<!-- Generated by org.testng.reporters.JUnitReportReporter -->
<testsuite hostname="Atul" failures="0" tests="1" name="UnitTestingTool.TC_CreateAcc_004" time="10.300" errors="0" timestamp="2021-12-22T14:55:36 IST" skipped="0">
  <testcase classname="UnitTestingTool.TC_CreateAcc_004" name="createAcc" time="10.300"/>
  <system-out>
    <![CDATA[From Create Account]]>
  </system-out>
</testsuite> <!-- UnitTestingTool.TC_CreateAcc_004 -->
