<?xml version="1.0" encoding="UTF-8"?>
<!-- Generated by org.testng.reporters.JUnitReportReporter -->
<testsuite hostname="Atul" failures="0" tests="1" name="pom_Test_Case_Vtiger.TC_003" time="17.468" errors="0" timestamp="2021-12-29T16:21:21 IST" skipped="0">
  <testcase classname="pom_Test_Case_Vtiger.TC_003" name="createProductWithActiveCheckBox" time="17.468"/>
  <system-out/>
</testsuite> <!-- pom_Test_Case_Vtiger.TC_003 -->
