<?xml version="1.0" encoding="UTF-8"?>
<!-- Generated by org.testng.reporters.JUnitReportReporter -->
<testsuite hostname="Atul" failures="0" tests="3" name="UnitTestingTool_Practice.One_D_Arrey" time="0.018" errors="0" timestamp="2021-12-19T16:26:50 IST" skipped="0">
  <testcase classname="UnitTestingTool_Practice.One_D_Arrey" name="createAccount" time="0.006"/>
  <system-out>
    <![CDATA[Account is created for 30times]]>
  </system-out>
  <testcase classname="UnitTestingTool_Practice.One_D_Arrey" name="createAccount" time="0.003"/>
  <system-out>
    <![CDATA[Account is created for 40times]]>
  </system-out>
  <testcase classname="UnitTestingTool_Practice.One_D_Arrey" name="createAccount" time="0.009"/>
  <system-out>
    <![CDATA[Account is created for 20times]]>
  </system-out>
</testsuite> <!-- UnitTestingTool_Practice.One_D_Arrey -->
