<?xml version="1.0" encoding="UTF-8"?>
<!-- Generated by org.testng.reporters.JUnitReportReporter -->
<testsuite hostname="Atul" failures="0" tests="1" name="pom_Test_Case_Vtiger.TC_004" time="17.229" errors="0" timestamp="2021-12-29T16:22:25 IST" skipped="0">
  <testcase classname="pom_Test_Case_Vtiger.TC_004" name="createProductWithoutActiveCheckBox" time="17.229"/>
  <system-out/>
</testsuite> <!-- pom_Test_Case_Vtiger.TC_004 -->
