<?xml version="1.0" encoding="UTF-8"?>
<!-- Generated by org.testng.reporters.JUnitReportReporter -->
<testsuite hostname="Atul" failures="0" tests="1" name="UnitTestingTool_Practice.DependancyGroup3" time="0.011" errors="0" timestamp="2021-12-18T12:06:10 IST" skipped="0">
  <testcase classname="UnitTestingTool_Practice.DependancyGroup3" name="modifyAcc" time="0.011"/>
  <system-out>
    <![CDATA[From modify Account]]>
  </system-out>
</testsuite> <!-- UnitTestingTool_Practice.DependancyGroup3 -->
